<?xml version="1.0" encoding="UTF-8"?>
<!-- Generated by org.testng.reporters.JUnitReportReporter -->
<testsuite skipped="0" hostname="DESKTOP-NG63MTD" name="ebay.automation_ebay" tests="1" failures="0" timestamp="04 ene 2020 05:05:02 GMT" time="131.680" errors="0">
  <testcase name="ebay_test" time="131.680" classname="ebay.automation_ebay"/>
</testsuite> <!-- ebay.automation_ebay -->
