<?xml version="1.0" encoding="UTF-8"?>
<!-- Generated by org.testng.reporters.JUnitReportReporter -->
<testsuite skipped="0" hostname="DESKTOP-NG63MTD" name="ebay.automation_ebay" tests="1" failures="0" timestamp="30 dic 2019 07:04:49 GMT" time="153.690" errors="0">
  <testcase name="ebay_test" time="153.690" classname="ebay.automation_ebay"/>
</testsuite> <!-- ebay.automation_ebay -->
